<?xml version="1.0" encoding="UTF-8"?>
<!-- Generated by org.testng.reporters.JUnitReportReporter -->
<testsuite hostname="ShruthiManjesh" failures="0" tests="2" name="apiTestingCapstone.ApiTests" time="2.184" errors="0" timestamp="2023-10-21T17:21:43 IST" skipped="0">
  <testcase classname="apiTestingCapstone.ApiTests" name="getApiResponseValidation" time="2.150"/>
  <system-out/>
  <testcase classname="apiTestingCapstone.ApiTests" name="getApiStatusValidation" time="0.034"/>
  <system-out/>
</testsuite> <!-- apiTestingCapstone.ApiTests -->
