<?xml version="1.0" encoding="UTF-8"?>
<!-- Generated by org.testng.reporters.JUnitReportReporter -->
<testsuite hostname="ShruthiManjesh" failures="0" tests="4" name="simplilearn.capstoneproject.MedicareAppTests" time="76.782" errors="0" timestamp="2023-10-21T17:21:43 IST" skipped="0">
  <testcase classname="simplilearn.capstoneproject.MedicareAppTests" name="validateSignUpAndLoginAsSupplier" time="22.849"/>
  <system-out/>
  <testcase classname="simplilearn.capstoneproject.MedicareAppTests" name="validateSignUpAndLoginAsUser" time="16.894"/>
  <system-out/>
  <testcase classname="simplilearn.capstoneproject.MedicareAppTests" name="addItemToCartAndValidateCheckout" time="14.629"/>
  <system-out/>
  <testcase classname="simplilearn.capstoneproject.MedicareAppTests" name="addMultipleItemsToCartAndValidateCheckout" time="22.410"/>
  <system-out/>
</testsuite> <!-- simplilearn.capstoneproject.MedicareAppTests -->
