<?xml version="1.0" encoding="UTF-8"?>
<!-- Generated by org.testng.reporters.JUnitReportReporter -->
<testsuite hostname="ShruthiManjesh" failures="0" tests="4" name="simplilearn.capstoneproject.SignupTest" time="76.029" errors="0" timestamp="2023-10-18T11:46:56 IST" skipped="0">
  <testcase classname="simplilearn.capstoneproject.SignupTest" name="validateSignUpAndLoginAsUser" time="16.735"/>
  <system-out/>
  <testcase classname="simplilearn.capstoneproject.SignupTest" name="validateSignUpAndLoginAsSupplier" time="22.360"/>
  <system-out/>
  <testcase classname="simplilearn.capstoneproject.SignupTest" name="addItemToCartAndValidateCheckout" time="14.569"/>
  <system-out/>
  <testcase classname="simplilearn.capstoneproject.SignupTest" name="addMultipleItemsToCartAndValidateCheckout" time="22.365"/>
  <system-out/>
</testsuite> <!-- simplilearn.capstoneproject.SignupTest -->
