<?xml version="1.0" encoding="UTF-8"?>
<!-- Generated by org.testng.reporters.JUnitReportReporter -->
<testsuite hostname="ShruthiManjesh" failures="0" tests="1" name="simplilearn.capstoneproject.Signup" time="0.009" errors="0" timestamp="2023-10-06T15:38:09 IST" skipped="0">
  <testcase classname="simplilearn.capstoneproject.Signup" name="test" time="0.009"/>
  <system-out/>
</testsuite> <!-- simplilearn.capstoneproject.Signup -->
