<?xml version="1.0" encoding="UTF-8"?>
<!-- Generated by org.testng.reporters.JUnitReportReporter -->
<testsuite hostname="ShruthiManjesh" failures="0" tests="1" name="apiTestingCapstone.ApiTests" time="2.430" errors="0" timestamp="2023-10-19T19:57:54 IST" skipped="0">
  <testcase classname="apiTestingCapstone.ApiTests" name="getApiValidation" time="2.430"/>
  <system-out/>
</testsuite> <!-- apiTestingCapstone.ApiTests -->
