<?xml version="1.0" encoding="UTF-8"?>
<!-- Generated by org.testng.reporters.JUnitReportReporter -->
<testsuite hostname="ShruthiManjesh" failures="0" tests="1" name="apiTestingCapstone.ApiTests" time="1.958" errors="0" timestamp="2023-10-20T19:32:03 IST" skipped="0">
  <testcase classname="apiTestingCapstone.ApiTests" name="getApiValidation" time="1.958"/>
  <system-out/>
</testsuite> <!-- apiTestingCapstone.ApiTests -->
