<?xml version="1.0" encoding="UTF-8"?>
<!-- Generated by org.testng.reporters.JUnitReportReporter -->
<testsuite hostname="ShruthiManjesh" failures="0" tests="4" name="simplilearn.capstoneproject.MedicareAppTests" time="78.021" errors="0" timestamp="2023-10-20T19:32:03 IST" skipped="0">
  <testcase classname="simplilearn.capstoneproject.MedicareAppTests" name="validateSignUpAndLoginAsUser" time="16.963"/>
  <system-out/>
  <testcase classname="simplilearn.capstoneproject.MedicareAppTests" name="validateSignUpAndLoginAsSupplier" time="23.505"/>
  <system-out/>
  <testcase classname="simplilearn.capstoneproject.MedicareAppTests" name="addItemToCartAndValidateCheckout" time="15.142"/>
  <system-out/>
  <testcase classname="simplilearn.capstoneproject.MedicareAppTests" name="addMultipleItemsToCartAndValidateCheckout" time="22.411"/>
  <system-out/>
</testsuite> <!-- simplilearn.capstoneproject.MedicareAppTests -->
